<?xml version="1.0" encoding="UTF-8"?>
<!-- Generated by org.testng.reporters.JUnitReportReporter -->
<testsuite hostname="LTIN520817" failures="0" tests="1" name="testNGUdemy.FirstTestNG" time="0.007" errors="0" timestamp="2024-04-21T18:39:11 IST" skipped="0">
  <testcase classname="testNGUdemy.FirstTestNG" name="test1" time="0.007"/>
  <system-out/>
</testsuite> <!-- testNGUdemy.FirstTestNG -->
