<?xml version="1.0" encoding="UTF-8"?>
<!-- Generated by org.testng.reporters.JUnitReportReporter -->
<testsuite hostname="LTIN520817" failures="0" tests="2" name="annotationUdemy.Demo1_Class_Annotation" time="0.005" errors="0" timestamp="2024-04-24T11:36:37 IST" skipped="0">
  <testcase classname="annotationUdemy.Demo1_Class_Annotation" name="search" time="0.004"/>
  <system-out/>
  <testcase classname="annotationUdemy.Demo1_Class_Annotation" name="abvSearch" time="0.001"/>
  <system-out/>
</testsuite> <!-- annotationUdemy.Demo1_Class_Annotation -->
