<?xml version="1.0" encoding="UTF-8"?>
<!-- Generated by org.testng.reporters.JUnitReportReporter -->
<testsuite hostname="LTIN520817" failures="0" tests="10" name="day37.InvocationUdemy.IncocationUdemy" time="0.027" errors="0" timestamp="2024-04-23T16:04:12 IST" skipped="0">
  <testcase classname="day37.InvocationUdemy.IncocationUdemy" name="test" time="0.001"/>
  <system-out/>
  <testcase classname="day37.InvocationUdemy.IncocationUdemy" name="test" time="0.001"/>
  <system-out/>
  <testcase classname="day37.InvocationUdemy.IncocationUdemy" name="test" time="0.001"/>
  <system-out/>
  <testcase classname="day37.InvocationUdemy.IncocationUdemy" name="test" time="0.001"/>
  <system-out/>
  <testcase classname="day37.InvocationUdemy.IncocationUdemy" name="test" time="0.001"/>
  <system-out/>
  <testcase classname="day37.InvocationUdemy.IncocationUdemy" name="test" time="0.000"/>
  <system-out/>
  <testcase classname="day37.InvocationUdemy.IncocationUdemy" name="test" time="0.019"/>
  <system-out/>
  <testcase classname="day37.InvocationUdemy.IncocationUdemy" name="test" time="0.001"/>
  <system-out/>
  <testcase classname="day37.InvocationUdemy.IncocationUdemy" name="test" time="0.001"/>
  <system-out/>
  <testcase classname="day37.InvocationUdemy.IncocationUdemy" name="test" time="0.001"/>
  <system-out/>
</testsuite> <!-- day37.InvocationUdemy.IncocationUdemy -->
