<?xml version="1.0" encoding="UTF-8"?>
<!-- Generated by org.testng.reporters.JUnitReportReporter -->
<testsuite hostname="LTIN520817" failures="0" tests="2" name="annotationUdemy.Demo1" time="0.028" errors="0" timestamp="2024-04-22T11:49:58 IST" skipped="0">
  <testcase classname="annotationUdemy.Demo1" name="search" time="0.014"/>
  <system-out/>
  <testcase classname="annotationUdemy.Demo1" name="abvSearch" time="0.014"/>
  <system-out/>
</testsuite> <!-- annotationUdemy.Demo1 -->
