<?xml version="1.0" encoding="UTF-8"?>
<!-- Generated by org.testng.reporters.JUnitReportReporter -->
<testsuite hostname="LTIN520817" failures="0" tests="1" name="GroupingUdemy.DataDriven.DataDriven" time="2.381" errors="0" timestamp="2024-04-23T10:21:27 IST" skipped="0">
  <testcase classname="GroupingUdemy.DataDriven.DataDriven" name="login" time="2.381"/>
  <system-out/>
</testsuite> <!-- GroupingUdemy.DataDriven.DataDriven -->
