<?xml version="1.0" encoding="UTF-8"?>
<!-- Generated by org.testng.reporters.JUnitReportReporter -->
<testsuite hostname="LTIN520817" failures="0" tests="3" name="GroupingUdemy.Grouping" time="0.015" errors="0" timestamp="2024-04-22T23:36:04 IST" skipped="0">
  <testcase classname="GroupingUdemy.Grouping" name="loginByFacebook" time="0.013"/>
  <system-out/>
  <testcase classname="GroupingUdemy.Grouping" name="loginBytwitter" time="0.001"/>
  <system-out/>
  <testcase classname="GroupingUdemy.Grouping" name="paymentindollar" time="0.001"/>
  <system-out/>
</testsuite> <!-- GroupingUdemy.Grouping -->
