<?xml version="1.0" encoding="UTF-8"?>
<!-- Generated by org.testng.reporters.JUnitReportReporter -->
<testsuite hostname="LTIN520817" failures="0" tests="1" name="testNGUdemy.SecondTestNG" time="2.641" errors="0" timestamp="2024-04-21T23:15:18 IST" skipped="0">
  <testcase classname="testNGUdemy.SecondTestNG" name="login" time="2.641"/>
  <system-out/>
</testsuite> <!-- testNGUdemy.SecondTestNG -->
