<?xml version="1.0" encoding="UTF-8"?>
<!-- Generated by org.testng.reporters.JUnitReportReporter -->
<testsuite hostname="LTIN520817" failures="0" tests="4" name="day37.Parallel_Testing.ParallelTesting" time="0.159" errors="0" timestamp="2024-04-24T12:24:35 IST" skipped="0">
  <testcase classname="day37.Parallel_Testing.ParallelTesting" name="testLogo" time="0.068"/>
  <system-out/>
  <testcase classname="day37.Parallel_Testing.ParallelTesting" name="testLogo" time="0.070"/>
  <system-out/>
  <testcase classname="day37.Parallel_Testing.ParallelTesting" name="testHomePageTitle" time="0.013"/>
  <system-out/>
  <testcase classname="day37.Parallel_Testing.ParallelTesting" name="testHomePageTitle" time="0.008"/>
  <system-out/>
</testsuite> <!-- day37.Parallel_Testing.ParallelTesting -->
