<?xml version="1.0" encoding="UTF-8"?>
<!-- Generated by org.testng.reporters.JUnitReportReporter -->
<testsuite hostname="LTIN520817" failures="0" tests="2" name="annotationUdemyClassAnnotation.Class2" time="0.007" errors="0" timestamp="2024-04-22T12:37:47 IST" skipped="0">
  <testcase classname="annotationUdemyClassAnnotation.Class2" name="xyz" time="0.002"/>
  <system-out/>
  <testcase classname="annotationUdemyClassAnnotation.Class2" name="xyz" time="0.005"/>
  <system-out/>
</testsuite> <!-- annotationUdemyClassAnnotation.Class2 -->
