<?xml version="1.0" encoding="UTF-8"?>
<!-- Generated by org.testng.reporters.JUnitReportReporter -->
<testsuite hostname="LTIN520817" failures="0" tests="3" name="testNGUdemy.ThirdTestNG" time="0.006" errors="0" timestamp="2024-04-21T23:15:18 IST" skipped="0">
  <testcase classname="testNGUdemy.ThirdTestNG" name="test3" time="0.001"/>
  <system-out/>
  <testcase classname="testNGUdemy.ThirdTestNG" name="test1" time="0.004"/>
  <system-out/>
  <testcase classname="testNGUdemy.ThirdTestNG" name="test2" time="0.001"/>
  <system-out/>
</testsuite> <!-- testNGUdemy.ThirdTestNG -->
