<?xml version="1.0" encoding="UTF-8"?>
<!-- Generated by org.testng.reporters.JUnitReportReporter -->
<testsuite hostname="LTIN520817" failures="0" tests="3" name="day39.NopCommerce" time="13.042" errors="0" timestamp="2024-04-25T15:43:07 IST" skipped="0">
  <testcase classname="day39.NopCommerce" name="testLogo" time="0.120"/>
  <system-out/>
  <testcase classname="day39.NopCommerce" name="testLogin" time="8.466"/>
  <system-out/>
  <testcase classname="day39.NopCommerce" name="testLogout" time="4.456"/>
  <system-out/>
</testsuite> <!-- day39.NopCommerce -->
