<?xml version="1.0" encoding="UTF-8"?>
<!-- Generated by org.testng.reporters.JUnitReportReporter -->
<testsuite hostname="LTIN520817" failures="0" tests="2" name="annotationUdemyAllAnnotation.AllAnnotation" time="0.009" errors="0" timestamp="2024-04-22T14:50:35 IST" skipped="0">
  <testcase classname="annotationUdemyAllAnnotation.AllAnnotation" name="login" time="0.007"/>
  <system-out/>
  <testcase classname="annotationUdemyAllAnnotation.AllAnnotation" name="logout" time="0.002"/>
  <system-out/>
</testsuite> <!-- annotationUdemyAllAnnotation.AllAnnotation -->
